
ROM used:   1174/32768 (4%)
            1174/32768 (4%) including unused fragments

            0.4 Average locations per line
            2.9 Average locations per statement

RAM used:   35/1536 (2%) at main() level
            44/1536 (3%) worst case

Stack used: 3 worst case (2 in main + 1 for interrupts)
Stack size: 31

Lines Stmts  %   Files
----- ----- ---  -----
   81    40  10  examen.c
   12     0   0  Examen.h
  781     0   0  ..\..\..\..\..\Program Files (x86)\PICC\Devices\18F458.h
   37     0   0  ..\..\..\..\..\Program Files (x86)\PICC\Drivers\stdio.h
  423     0   0  ..\..\..\..\..\Program Files (x86)\PICC\Drivers\string.h
   32     0   0  ..\..\..\..\..\Program Files (x86)\PICC\Drivers\stddef.h
   28     0   0  ..\..\..\..\..\Program Files (x86)\PICC\Drivers\ctype.h
 1351   359  90  ..\..\..\..\..\Program Files (x86)\PICC\Drivers\stdlib.h
----- -----
 2745   399 Total

Page ROM  %  RAM   Vol Diff  Functions:
---- --- --- ---   --- ----  ----------
0     38   2    1             @delay_ms1
0     76   3    2             @MUL88
0    412  18    9  1815 10.5  atoi
0     18   1    0    76  2.7  EXT_isr
0     34   1    0   167  4.3  EXT1_isr
0     16   1    0    52  1.9  RDA_isr
0    190   8    1   677  5.7  MAIN
0     40   2    3             @DIV88
0    180   8    6             @PRINTF_D_9600_31766_31767
 Inline         1             @cinit1

Program metrics:
    Functions               5
    Statements              399
    Comments                690
    Volume (V)              3512
    Difficulty (D)          25.6
    Effort to implement (E) 89853
    Time to implement (T)   1 hours, 23 minutes
    Est Delivered Bugs (B)  1
    Cyclomatic Complexity   14
    Maintainability (MI)    35

 Segment     Used  Free
-----------  ----  ----
00000-00002     4  0  
00004-00006     0  4  
00008-000AC   166  0  
000AE-07FFE  1004  31590  



